<?xml version="1.0" encoding="UTF-8"?>
<!-- Generated by org.testng.reporters.JUnitXMLReporter -->
<testsuite hostname="LAPTOP-0DACUFBP" name="Default test" tests="6" failures="0" timestamp="1 Feb 2020 17:32:38 GMT" time="151.036" errors="0">
  <testcase name="VerifyHomepagetitleTest" time="0.035" classname="com.Freecrm.qa.TestCasees.HomepageTest"/>
  <testcase name="VerifyUsernameTest" time="3.963" classname="com.Freecrm.qa.TestCasees.HomepageTest"/>
  <testcase name="VerifyContactsLinkTest" time="4.73" classname="com.Freecrm.qa.TestCasees.HomepageTest"/>
  <testcase name="VerifyDealspageTest" time="1.737" classname="com.Freecrm.qa.TestCasees.HomepageTest"/>
  <testcase name="VerifyTaskpageTest" time="2.359" classname="com.Freecrm.qa.TestCasees.HomepageTest"/>
  <testcase name="VerifyCalenderpageTest" time="3.187" classname="com.Freecrm.qa.TestCasees.HomepageTest"/>
</testsuite> <!-- Default test -->
